2021-07-07 00:59:21.127 +06:00 [INF] Application Starting up
2021-07-07 01:05:09.158 +06:00 [INF] Application Starting up
2021-07-07 01:06:35.933 +06:00 [INF] Application Starting up
2021-07-07 01:08:09.850 +06:00 [INF] Application Starting up
2021-07-07 01:09:34.102 +06:00 [INF] Application Starting up
2021-07-07 01:12:42.464 +06:00 [INF] Application Starting up
2021-07-07 01:13:30.647 +06:00 [INF] Application Starting up
2021-07-07 01:16:49.810 +06:00 [INF] Application Starting up
2021-07-07 11:46:38.603 +06:00 [INF] Application Starting up
2021-07-07 11:50:16.054 +06:00 [INF] Application Starting up
2021-07-07 11:53:52.695 +06:00 [INF] Application Starting up
2021-07-07 11:54:44.755 +06:00 [ERR] Create Course Failed
System.InvalidOperationException: Title already exits
   at FirstDemo.Training.Services.CourseService.CreateCourse(Course course) in H:\Asp.net code\Asp.net-code-practise-with-devskill\WebApplication1\FirstDemo.Training\Services\CourseService.cs:line 63
   at WebApplication1.Areas.Admin.Models.CreateCourseModel.CreateCourse() in H:\Asp.net code\Asp.net-code-practise-with-devskill\WebApplication1\WebApplication1\Areas\Admin\Models\CreateCourseModel.cs:line 34
   at WebApplication1.Areas.Admin.Controllers.CourseController.Create(CreateCourseModel model) in H:\Asp.net code\Asp.net-code-practise-with-devskill\WebApplication1\WebApplication1\Areas\Admin\Controllers\CourseController.cs:line 62
2021-07-07 11:55:16.594 +06:00 [INF] Application Starting up
2021-07-07 11:56:52.351 +06:00 [ERR] Create Course Failed
System.InvalidOperationException: Title already exits
   at FirstDemo.Training.Services.CourseService.CreateCourse(Course course) in H:\Asp.net code\Asp.net-code-practise-with-devskill\WebApplication1\FirstDemo.Training\Services\CourseService.cs:line 63
   at WebApplication1.Areas.Admin.Models.CreateCourseModel.CreateCourse() in H:\Asp.net code\Asp.net-code-practise-with-devskill\WebApplication1\WebApplication1\Areas\Admin\Models\CreateCourseModel.cs:line 34
   at WebApplication1.Areas.Admin.Controllers.CourseController.Create(CreateCourseModel model) in H:\Asp.net code\Asp.net-code-practise-with-devskill\WebApplication1\WebApplication1\Areas\Admin\Controllers\CourseController.cs:line 62
2021-07-07 18:17:00.505 +06:00 [INF] Application Starting up
2021-07-07 19:16:45.927 +06:00 [INF] Application Starting up
2021-07-07 19:20:38.879 +06:00 [INF] Application Starting up
2021-07-07 19:24:07.332 +06:00 [INF] Application Starting up
